2017/04/09 11:33:43 INFO  - jmeter.util.JMeterUtils: Setting Locale to en_US 
2017/04/09 11:33:43 INFO  - jmeter.JMeter: Loading user properties from: D:\apache-jmeter-3.1\apache-jmeter-3.1\bin\user.properties 
2017/04/09 11:33:43 INFO  - jmeter.JMeter: Loading system properties from: D:\apache-jmeter-3.1\apache-jmeter-3.1\bin\system.properties 
2017/04/09 11:33:43 INFO  - jmeter.JMeter: Copyright (c) 1998-2016 The Apache Software Foundation 
2017/04/09 11:33:43 INFO  - jmeter.JMeter: Version 3.1 r1770033 
2017/04/09 11:33:43 INFO  - jmeter.JMeter: java.version=1.8.0_121 
2017/04/09 11:33:43 INFO  - jmeter.JMeter: java.vm.name=Java HotSpot(TM) 64-Bit Server VM 
2017/04/09 11:33:43 INFO  - jmeter.JMeter: os.name=Windows 10 
2017/04/09 11:33:43 INFO  - jmeter.JMeter: os.arch=amd64 
2017/04/09 11:33:43 INFO  - jmeter.JMeter: os.version=10.0 
2017/04/09 11:33:43 INFO  - jmeter.JMeter: file.encoding=Cp1252 
2017/04/09 11:33:43 INFO  - jmeter.JMeter: Max memory     =3745513472 
2017/04/09 11:33:43 INFO  - jmeter.JMeter: Available Processors =8 
2017/04/09 11:33:43 INFO  - jmeter.JMeter: Default Locale=English (United States) 
2017/04/09 11:33:43 INFO  - jmeter.JMeter: JMeter  Locale=English (United States) 
2017/04/09 11:33:43 INFO  - jmeter.JMeter: JMeterHome=D:\apache-jmeter-3.1\apache-jmeter-3.1 
2017/04/09 11:33:43 INFO  - jmeter.JMeter: user.dir  =D:\apache-jmeter-3.1\apache-jmeter-3.1\bin 
2017/04/09 11:33:43 INFO  - jmeter.JMeter: PWD       =D:\apache-jmeter-3.1\apache-jmeter-3.1\bin 
2017/04/09 11:33:48 INFO  - jmeter.JMeter: IP: 192.168.3.51 Name: DESKTOP-B93PLRK FullName: DESKTOP-B93PLRK 
2017/04/09 11:33:48 INFO  - jmeter.gui.action.LookAndFeelCommand: Using look and feel: javax.swing.plaf.metal.MetalLookAndFeel [Metal, CrossPlatform] 
2017/04/09 11:33:48 INFO  - jmeter.JMeter: Loaded icon properties from org/apache/jmeter/images/icon.properties 
2017/04/09 11:33:49 INFO  - jmeter.engine.util.CompoundVariable: Note: Function class names must contain the string: '.functions.' 
2017/04/09 11:33:49 INFO  - jmeter.engine.util.CompoundVariable: Note: Function class names must not contain the string: '.gui.' 
2017/04/09 11:33:52 INFO  - org.jmeterplugins.repository.PluginManager: Plugins Status: [jpgc-graphs-basic=2.0, jpgc-graphs-additional=2.0, jpgc-autostop=0.1, netflix-cassandra=0.2-SNAPSHOT, jpgc-cmd=2.1, jpgc-functions=2.0, custom-soap=1.3, jpgc-casutg=2.1, jmeter-ftp=3.1, jpgc-ffw=2.0, jpgc-ggl=2.0, jmeter-http=3.1, jmeter-jdbc=3.1, jmeter-jms=3.1, jmeter-core=3.1, jpgc-json=2.6, jmeter-junit=3.1, jmeter-java=3.1, jmeter-ldap=3.1, jmeter-mail=3.1, jmeter-mongodb=3.1, jmeter-native=3.1, jpgc-perfmon=2.1, jpgc-plugins-manager=0.12, jmeter-tcp=3.1, jmeter-components=3.1, websocket-sampler=1.0.2-SNAPSHOT, jpgc-xml=0.1] 
2017/04/09 11:33:52 INFO  - jmeter.gui.util.MenuFactory: Skipping org.apache.jmeter.assertions.BSFAssertion 
2017/04/09 11:33:52 INFO  - jmeter.gui.util.MenuFactory: Skipping org.apache.jmeter.extractor.BSFPostProcessor 
2017/04/09 11:33:52 INFO  - jmeter.gui.util.MenuFactory: Skipping org.apache.jmeter.modifiers.BSFPreProcessor 
2017/04/09 11:33:52 INFO  - jmeter.protocol.http.sampler.HTTPSamplerBase: Parser for text/html is org.apache.jmeter.protocol.http.parser.LagartoBasedHtmlParser 
2017/04/09 11:33:52 INFO  - jmeter.protocol.http.sampler.HTTPSamplerBase: Parser for application/xhtml+xml is org.apache.jmeter.protocol.http.parser.LagartoBasedHtmlParser 
2017/04/09 11:33:52 INFO  - jmeter.protocol.http.sampler.HTTPSamplerBase: Parser for application/xml is org.apache.jmeter.protocol.http.parser.LagartoBasedHtmlParser 
2017/04/09 11:33:52 INFO  - jmeter.protocol.http.sampler.HTTPSamplerBase: Parser for text/xml is org.apache.jmeter.protocol.http.parser.LagartoBasedHtmlParser 
2017/04/09 11:33:52 INFO  - jmeter.protocol.http.sampler.HTTPSamplerBase: Parser for text/vnd.wap.wml is org.apache.jmeter.protocol.http.parser.RegexpHTMLParser 
2017/04/09 11:33:52 INFO  - jmeter.protocol.http.sampler.HTTPSamplerBase: Parser for text/css is org.apache.jmeter.protocol.http.parser.CssParser 
2017/04/09 11:33:53 INFO  - jorphan.exec.KeyToolUtils: keytool found at 'keytool' 
2017/04/09 11:33:53 INFO  - jmeter.protocol.http.proxy.ProxyControl: HTTP(S) Test Script Recorder SSL Proxy will use keys that support embedded 3rd party resources in file D:\apache-jmeter-3.1\apache-jmeter-3.1\bin\proxyserver.jks 
2017/04/09 11:33:53 INFO  - jmeter.gui.util.MenuFactory: Skipping org.apache.jmeter.protocol.java.sampler.BSFSampler 
2017/04/09 11:33:53 INFO  - jmeter.gui.util.MenuFactory: Skipping org.apache.jmeter.protocol.mongodb.config.MongoSourceElement 
2017/04/09 11:33:53 INFO  - jmeter.gui.util.MenuFactory: Skipping org.apache.jmeter.protocol.mongodb.sampler.MongoScriptSampler 
2017/04/09 11:33:53 INFO  - jmeter.gui.util.MenuFactory: Skipping org.apache.jmeter.timers.BSFTimer 
2017/04/09 11:33:53 INFO  - jmeter.gui.util.MenuFactory: Skipping org.apache.jmeter.visualizers.BSFListener 
2017/04/09 11:33:53 INFO  - jmeter.gui.util.MenuFactory: Skipping org.apache.jmeter.visualizers.MonitorHealthVisualizer 
2017/04/09 11:33:53 INFO  - jmeter.samplers.SampleResult: Note: Sample TimeStamps are START times 
2017/04/09 11:33:53 INFO  - jmeter.samplers.SampleResult: sampleresult.default.encoding is set to ISO-8859-1 
2017/04/09 11:33:53 INFO  - jmeter.samplers.SampleResult: sampleresult.useNanoTime=true 
2017/04/09 11:33:53 INFO  - jmeter.samplers.SampleResult: sampleresult.nanoThreadSleep=5000 
2017/04/09 11:34:15 INFO  - jmeter.services.FileServer: Default base='D:\apache-jmeter-3.1\apache-jmeter-3.1\bin' 
2017/04/09 11:34:15 INFO  - jmeter.gui.action.Load: Loading file: D:\New folder\lt_baaz\LoadTest_BaazGIT.jmx 
2017/04/09 11:34:15 INFO  - jmeter.services.FileServer: Set new base='D:\New folder\lt_baaz' 
2017/04/09 11:34:15 INFO  - jmeter.save.SaveService: Testplan (JMX) version: 2.2. Testlog (JTL) version: 2.2 
2017/04/09 11:34:15 INFO  - jmeter.save.SaveService: Using SaveService properties file encoding UTF-8 
2017/04/09 11:34:15 INFO  - jmeter.save.SaveService: Using SaveService properties version 3.1 
2017/04/09 11:34:15 INFO  - jmeter.save.SaveService: All converter versions present and correct 
2017/04/09 11:34:15 INFO  - jmeter.save.SaveService: Loading file: D:\New folder\lt_baaz\LoadTest_BaazGIT.jmx 
2017/04/09 11:34:15 INFO  - jmeter.protocol.http.control.CacheManager: Will only cache the following methods: [GET] 
2017/04/09 11:34:15 INFO  - jmeter.protocol.http.control.CookieManager: Settings: Delete null: true Check: true Allow variable: true Save: false Prefix: COOKIE_ 
2017/04/09 11:34:15 INFO  - jmeter.util.BSFTestElement: Registering JMeter version of JavaScript engine as work-round for BSF-22 
2017/04/09 11:34:16 INFO  - jmeter.services.FileServer: Set new base='D:\New folder\lt_baaz' 
